<?xml version="1.0" encoding="UTF-8"?>
<testsuite name="com.kshrd.springbootdemo.SpringBootDemoApplicationTests" time="0.048" tests="3" errors="0" skipped="0" failures="0">
  <properties>
[...]
</properties>
  <testcase name="testGender" classname="com.kshrd.springbootdemo.SpringBootDemoApplicationTests" time="0.042"/>
  <testcase name="testUserNameNull" classname="com.kshrd.springbootdemo.SpringBootDemoApplicationTests" time="0.002"/>
  <testcase name="testUserNameSize" classname="com.kshrd.springbootdemo.SpringBootDemoApplicationTests" time="0.004"/>
</testsuite>